main {
    exec_model: Fragment,
    name: "main",
    vars: [
        Output {
            name: Some(
                "color",
            ),
            location: (loc=0, comp=0),
            ty: Vector(
                VectorType {
                    scalar_ty: Float(
                        4,
                    ),
                    nscalar: 4,
                },
            ),
        },
        Descriptor {
            name: Some(
                "limap",
            ),
            desc_bind: (set=0, bind=0),
            desc_ty: CombinedImageSampler,
            ty: CombinedImageSampler(
                CombinedImageSamplerType {
                    sampled_img_ty: SampledImageType {
                        scalar_ty: Float(
                            4,
                        ),
                        dim: Dim2D,
                        is_array: false,
                        is_multisampled: false,
                    },
                },
            ),
            nbind: 1,
        },
        Input {
            name: Some(
                "uv",
            ),
            location: (loc=1, comp=0),
            ty: Vector(
                VectorType {
                    scalar_ty: Float(
                        4,
                    ),
                    nscalar: 2,
                },
            ),
        },
        Descriptor {
            name: Some(
                "emit_map",
            ),
            desc_bind: (set=0, bind=1),
            desc_ty: CombinedImageSampler,
            ty: CombinedImageSampler(
                CombinedImageSamplerType {
                    sampled_img_ty: SampledImageType {
                        scalar_ty: Float(
                            4,
                        ),
                        dim: Dim2D,
                        is_array: false,
                        is_multisampled: false,
                    },
                },
            ),
            nbind: 1,
        },
        SpecConstant {
            name: None,
            spec_id: 233,
            ty: Scalar(
                Float(
                    4,
                ),
            ),
        },
    ],
    exec_modes: [
        ExecutionMode {
            exec_mode: OriginUpperLeft,
            operands: [],
        },
    ],
}
